-Xlint:ignore
-1.7
-encoding
UTF-8
-showWeaveInfo
-source
1.7
-target
1.7
-verbose
-classpath
E:\springsource\52\org\springframework\spring-webmvc\4.1.1.RELEASE\spring-webmvc-4.1.1.RELEASE.jar;E:\springsource\52\org\springframework\spring-jdbc\4.1.1.RELEASE\spring-jdbc-4.1.1.RELEASE.jar;E:\springsource\52\org\springframework\spring-oxm\4.1.1.RELEASE\spring-oxm-4.1.1.RELEASE.jar;E:\springsource\52\org\aspectj\aspectjweaver\1.8.5\aspectjweaver-1.8.5.jar;E:\springsource\52\org\aspectj\aspectjrt\1.8.5\aspectjrt-1.8.5.jar;E:\springsource\52\org\mybatis\mybatis\3.2.8\mybatis-3.2.8.jar;E:\springsource\52\org\mybatis\mybatis-spring\1.2.2\mybatis-spring-1.2.2.jar;E:\springsource\52\org\hibernate\hibernate-validator\5.1.2.Final\hibernate-validator-5.1.2.Final.jar;E:\springsource\52\com\fasterxml\jackson\core\jackson-core\2.4.2\jackson-core-2.4.2.jar;E:\springsource\52\com\fasterxml\jackson\core\jackson-databind\2.4.2\jackson-databind-2.4.2.jar;E:\springsource\52\org\postgresql\postgresql\9.3-1102-jdbc41\postgresql-9.3-1102-jdbc41.jar;E:\springsource\52\log4j\log4j\1.2.17\log4j-1.2.17.jar;E:\springsource\52\mx\org\inegi\geo\map-connection\1.0.0\map-connection-1.0.0.jar;E:\springsource\52\javax\servlet\javax.servlet-api\3.1.0\javax.servlet-api-3.1.0.jar;E:\springsource\52\javax\servlet\jsp\jstl\jstl\1.2\jstl-1.2.jar;E:\springsource\52\javax\servlet\jsp\jsp-api\2.2\jsp-api-2.2.jar;E:\springsource\52\com\googlecode\json-simple\json-simple\1.1.1\json-simple-1.1.1.jar;E:\springsource\52\com\google\code\gson\gson\2.3.1\gson-2.3.1.jar;E:\springsource\52\org\apache\poi\poi\3.10.1\poi-3.10.1.jar;E:\springsource\52\org\apache\poi\poi-ooxml\3.10.1\poi-ooxml-3.10.1.jar;E:\springsource\52\javax\mail\mail\1.4\mail-1.4.jar;E:\springsource\52\org\apache\commons\commons-email\1.3.3\commons-email-1.3.3.jar;E:\springsource\52\javax\activation\activation\1.1\activation-1.1.jar;E:\springsource\52\org\springframework\spring-context-support\4.0.6.RELEASE\spring-context-support-4.0.6.RELEASE.jar;E:\springsource\52\net\glxn\qrgen\1.4\qrgen-1.4.jar;E:\springsource\52\net\sf\opencsv\opencsv\2.3\opencsv-2.3.jar;E:\springsource\52\mx\org\inegi\geo\mdm\cors-filter\1.0.0\cors-filter-1.0.0.jar;E:\springsource\52\com\lowagie\itext\4.2.1\itext-4.2.1.jar;E:\springsource\52\org\springframework\spring-beans\4.1.1.RELEASE\spring-beans-4.1.1.RELEASE.jar;E:\springsource\52\org\springframework\spring-context\4.1.1.RELEASE\spring-context-4.1.1.RELEASE.jar;E:\springsource\52\org\springframework\spring-aop\4.1.1.RELEASE\spring-aop-4.1.1.RELEASE.jar;E:\springsource\52\aopalliance\aopalliance\1.0\aopalliance-1.0.jar;E:\springsource\52\org\springframework\spring-core\4.1.1.RELEASE\spring-core-4.1.1.RELEASE.jar;E:\springsource\52\commons-logging\commons-logging\1.1.3\commons-logging-1.1.3.jar;E:\springsource\52\org\springframework\spring-expression\4.1.1.RELEASE\spring-expression-4.1.1.RELEASE.jar;E:\springsource\52\org\springframework\spring-web\4.1.1.RELEASE\spring-web-4.1.1.RELEASE.jar;E:\springsource\52\org\springframework\spring-tx\4.1.1.RELEASE\spring-tx-4.1.1.RELEASE.jar;E:\springsource\52\javax\validation\validation-api\1.1.0.Final\validation-api-1.1.0.Final.jar;E:\springsource\52\org\jboss\logging\jboss-logging\3.1.3.GA\jboss-logging-3.1.3.GA.jar;E:\springsource\52\com\fasterxml\classmate\1.0.0\classmate-1.0.0.jar;E:\springsource\52\com\fasterxml\jackson\core\jackson-annotations\2.4.0\jackson-annotations-2.4.0.jar;E:\springsource\52\org\apache\commons\commons-dbcp2\2.0.1\commons-dbcp2-2.0.1.jar;E:\springsource\52\org\apache\commons\commons-pool2\2.2\commons-pool2-2.2.jar;E:\springsource\52\commons-codec\commons-codec\1.5\commons-codec-1.5.jar;E:\springsource\52\org\apache\poi\poi-ooxml-schemas\3.10.1\poi-ooxml-schemas-3.10.1.jar;E:\springsource\52\org\apache\xmlbeans\xmlbeans\2.6.0\xmlbeans-2.6.0.jar;E:\springsource\52\stax\stax-api\1.0.1\stax-api-1.0.1.jar;E:\springsource\52\dom4j\dom4j\1.6.1\dom4j-1.6.1.jar;E:\springsource\52\xml-apis\xml-apis\1.0.b2\xml-apis-1.0.b2.jar;E:\springsource\52\com\google\zxing\javase\3.0.0\javase-3.0.0.jar;E:\springsource\52\com\google\zxing\core\3.0.0\core-3.0.0.jar;E:\springsource\52\org\bouncycastle\bctsp-jdk14\1.38\bctsp-jdk14-1.38.jar;E:\springsource\52\org\bouncycastle\bcprov-jdk14\1.38\bcprov-jdk14-1.38.jar;E:\springsource\52\org\bouncycastle\bcmail-jdk14\1.38\bcmail-jdk14-1.38.jar;E:\springsource\52\jfree\jfreechart\1.0.12\jfreechart-1.0.12.jar;E:\springsource\52\jfree\jcommon\1.0.15\jcommon-1.0.15.jar;E:\springsource\52\org\swinglabs\pdf-renderer\1.0.5\pdf-renderer-1.0.5.jar;E:\Git p82\map\target\classes
-d
E:\Git p82\map\target\classes
E:\Git p82\map\src\main\java\mx\org\inegi\geo\map\connection\holder\ConnectionContextHolder.java
E:\Git p82\map\src\main\java\mx\org\inegi\geo\map\connection\MapConnectionDataSource.java
E:\Git p82\map\src\main\java\mx\org\inegi\geo\map\context\ContextAttributes.java
E:\Git p82\map\src\main\java\mx\org\inegi\geo\map\denue\cluster\ClusterData.java
E:\Git p82\map\src\main\java\mx\org\inegi\geo\map\denue\cluster\Feature.java
E:\Git p82\map\src\main\java\mx\org\inegi\geo\map\denue\cluster\GetDataFromCluster.java
E:\Git p82\map\src\main\java\mx\org\inegi\geo\map\denue\cluster\PointFeature.java
E:\Git p82\map\src\main\java\mx\org\inegi\geo\map\domain\Ageb.java
E:\Git p82\map\src\main\java\mx\org\inegi\geo\map\domain\Buffer.java
E:\Git p82\map\src\main\java\mx\org\inegi\geo\map\domain\BufferSize.java
E:\Git p82\map\src\main\java\mx\org\inegi\geo\map\domain\CensoLabel.java
E:\Git p82\map\src\main\java\mx\org\inegi\geo\map\domain\Contact.java
E:\Git p82\map\src\main\java\mx\org\inegi\geo\map\domain\FrenteManzana.java
E:\Git p82\map\src\main\java\mx\org\inegi\geo\map\domain\Label.java
E:\Git p82\map\src\main\java\mx\org\inegi\geo\map\domain\Layer.java
E:\Git p82\map\src\main\java\mx\org\inegi\geo\map\domain\ListDenue.java
E:\Git p82\map\src\main\java\mx\org\inegi\geo\map\domain\Mail.java
E:\Git p82\map\src\main\java\mx\org\inegi\geo\map\domain\NameCvegeo.java
E:\Git p82\map\src\main\java\mx\org\inegi\geo\map\domain\NumeroExterior.java
E:\Git p82\map\src\main\java\mx\org\inegi\geo\map\domain\Scian.java
E:\Git p82\map\src\main\java\mx\org\inegi\geo\map\domain\ScianCount.java
E:\Git p82\map\src\main\java\mx\org\inegi\geo\map\domain\Sector.java
E:\Git p82\map\src\main\java\mx\org\inegi\geo\map\domain\Share.java
E:\Git p82\map\src\main\java\mx\org\inegi\geo\map\domain\Theme.java
E:\Git p82\map\src\main\java\mx\org\inegi\geo\map\domain\ThemeCvegeo.java
E:\Git p82\map\src\main\java\mx\org\inegi\geo\map\domain\Vialidad.java
E:\Git p82\map\src\main\java\mx\org\inegi\geo\map\domain\WKT.java
E:\Git p82\map\src\main\java\mx\org\inegi\geo\map\exception\InvalidProjectException.java
E:\Git p82\map\src\main\java\mx\org\inegi\geo\map\exception\InvalidProjectionException.java
E:\Git p82\map\src\main\java\mx\org\inegi\geo\map\exception\NoQualifiedFieldsException.java
E:\Git p82\map\src\main\java\mx\org\inegi\geo\map\exception\TableNotFoundException.java
E:\Git p82\map\src\main\java\mx\org\inegi\geo\map\exception\TimeFrameException.java
E:\Git p82\map\src\main\java\mx\org\inegi\geo\map\filter\CORSFilter.java
E:\Git p82\map\src\main\java\mx\org\inegi\geo\map\gzip\GzipResponse.java
E:\Git p82\map\src\main\java\mx\org\inegi\geo\map\handler\ErrorHandler.java
E:\Git p82\map\src\main\java\mx\org\inegi\geo\map\mapper\BufferMapper.java
E:\Git p82\map\src\main\java\mx\org\inegi\geo\map\mapper\CensoLabelMapper.java
E:\Git p82\map\src\main\java\mx\org\inegi\geo\map\mapper\DenueLabelMapper.java
E:\Git p82\map\src\main\java\mx\org\inegi\geo\map\mapper\DenueMapper.java
E:\Git p82\map\src\main\java\mx\org\inegi\geo\map\mapper\ExportMapper.java
E:\Git p82\map\src\main\java\mx\org\inegi\geo\map\mapper\GenericMapper.java
E:\Git p82\map\src\main\java\mx\org\inegi\geo\map\mapper\LayerStatsMapper.java
E:\Git p82\map\src\main\java\mx\org\inegi\geo\map\mapper\NameMapper.java
E:\Git p82\map\src\main\java\mx\org\inegi\geo\map\mapper\PruebaMapper.java
E:\Git p82\map\src\main\java\mx\org\inegi\geo\map\mapper\RasterElevationMapper.java
E:\Git p82\map\src\main\java\mx\org\inegi\geo\map\mapper\ReverseGeocodingMapper.java
E:\Git p82\map\src\main\java\mx\org\inegi\geo\map\mapper\ScianMapper.java
E:\Git p82\map\src\main\java\mx\org\inegi\geo\map\mapper\SectorMapper.java
E:\Git p82\map\src\main\java\mx\org\inegi\geo\map\mapper\ShareMapMapper.java
E:\Git p82\map\src\main\java\mx\org\inegi\geo\map\mapper\ThemeMapper.java
E:\Git p82\map\src\main\java\mx\org\inegi\geo\map\mapper\TrackingMapper.java
E:\Git p82\map\src\main\java\mx\org\inegi\geo\map\mapper\WktMapper.java
E:\Git p82\map\src\main\java\mx\org\inegi\geo\map\model\CensoLabelGraphicInfo.java
E:\Git p82\map\src\main\java\mx\org\inegi\geo\map\model\CensoLabelInfo.java
E:\Git p82\map\src\main\java\mx\org\inegi\geo\map\model\ColorUpdate.java
E:\Git p82\map\src\main\java\mx\org\inegi\geo\map\model\ExportXls.java
E:\Git p82\map\src\main\java\mx\org\inegi\geo\map\model\Field.java
E:\Git p82\map\src\main\java\mx\org\inegi\geo\map\model\Fields.java
E:\Git p82\map\src\main\java\mx\org\inegi\geo\map\model\GeometryPoint.java
E:\Git p82\map\src\main\java\mx\org\inegi\geo\map\model\GeospatialFunction.java
E:\Git p82\map\src\main\java\mx\org\inegi\geo\map\model\IdentifyInfo.java
E:\Git p82\map\src\main\java\mx\org\inegi\geo\map\model\IndicatorPoint.java
E:\Git p82\map\src\main\java\mx\org\inegi\geo\map\model\LabelInfo.java
E:\Git p82\map\src\main\java\mx\org\inegi\geo\map\model\LayerStats.java
E:\Git p82\map\src\main\java\mx\org\inegi\geo\map\model\ListDenueInfo.java
E:\Git p82\map\src\main\java\mx\org\inegi\geo\map\model\Mailinfo.java
E:\Git p82\map\src\main\java\mx\org\inegi\geo\map\model\MunicipalitieInfo.java
E:\Git p82\map\src\main\java\mx\org\inegi\geo\map\model\NameCvegeoInfo.java
E:\Git p82\map\src\main\java\mx\org\inegi\geo\map\model\Point.java
E:\Git p82\map\src\main\java\mx\org\inegi\geo\map\model\PointResolution.java
E:\Git p82\map\src\main\java\mx\org\inegi\geo\map\model\QueryInfo.java
E:\Git p82\map\src\main\java\mx\org\inegi\geo\map\model\QueryTotalsInfo.java
E:\Git p82\map\src\main\java\mx\org\inegi\geo\map\model\ResolutionLevel.java
E:\Git p82\map\src\main\java\mx\org\inegi\geo\map\model\ScianInfo.java
E:\Git p82\map\src\main\java\mx\org\inegi\geo\map\model\ScianType.java
E:\Git p82\map\src\main\java\mx\org\inegi\geo\map\model\SectorTable.java
E:\Git p82\map\src\main\java\mx\org\inegi\geo\map\model\StreetCrossing.java
E:\Git p82\map\src\main\java\mx\org\inegi\geo\map\model\TableFieldType.java
E:\Git p82\map\src\main\java\mx\org\inegi\geo\map\model\ThemeBoundary.java
E:\Git p82\map\src\main\java\mx\org\inegi\geo\map\model\ThemeInfo.java
E:\Git p82\map\src\main\java\mx\org\inegi\geo\map\model\ThemeMinMax.java
E:\Git p82\map\src\main\java\mx\org\inegi\geo\map\model\ThemeStratum.java
E:\Git p82\map\src\main\java\mx\org\inegi\geo\map\report\CsvReport.java
E:\Git p82\map\src\main\java\mx\org\inegi\geo\map\report\PdfReport.java
E:\Git p82\map\src\main\java\mx\org\inegi\geo\map\report\QueryTotalsReport.java
E:\Git p82\map\src\main\java\mx\org\inegi\geo\map\report\QueryTotalsReportCsv.java
E:\Git p82\map\src\main\java\mx\org\inegi\geo\map\report\XlsReport.java
E:\Git p82\map\src\main\java\mx\org\inegi\geo\map\service\BufferService.java
E:\Git p82\map\src\main\java\mx\org\inegi\geo\map\service\CensoLabelService.java
E:\Git p82\map\src\main\java\mx\org\inegi\geo\map\service\DenueLabelsService.java
E:\Git p82\map\src\main\java\mx\org\inegi\geo\map\service\DenueService.java
E:\Git p82\map\src\main\java\mx\org\inegi\geo\map\service\ExportService.java
E:\Git p82\map\src\main\java\mx\org\inegi\geo\map\service\GenericService.java
E:\Git p82\map\src\main\java\mx\org\inegi\geo\map\service\impl\BufferServiceImpl.java
E:\Git p82\map\src\main\java\mx\org\inegi\geo\map\service\impl\CensoLabelServiceImpl.java
E:\Git p82\map\src\main\java\mx\org\inegi\geo\map\service\impl\DenueLabelsServiceImpl.java
E:\Git p82\map\src\main\java\mx\org\inegi\geo\map\service\impl\DenueServiceImpl.java
E:\Git p82\map\src\main\java\mx\org\inegi\geo\map\service\impl\ExportServiceImpl.java
E:\Git p82\map\src\main\java\mx\org\inegi\geo\map\service\impl\GenericServiceImpl.java
E:\Git p82\map\src\main\java\mx\org\inegi\geo\map\service\impl\LayerStatsServiceImpl.java
E:\Git p82\map\src\main\java\mx\org\inegi\geo\map\service\impl\NameCvegeoServiceImpl.java
E:\Git p82\map\src\main\java\mx\org\inegi\geo\map\service\impl\PruebaServiceImpl.java
E:\Git p82\map\src\main\java\mx\org\inegi\geo\map\service\impl\RasterElevationServiceImpl.java
E:\Git p82\map\src\main\java\mx\org\inegi\geo\map\service\impl\ReverseGeocodingServiceImpl.java
E:\Git p82\map\src\main\java\mx\org\inegi\geo\map\service\impl\ScianServiceImpl.java
E:\Git p82\map\src\main\java\mx\org\inegi\geo\map\service\impl\SectorServiceImpl.java
E:\Git p82\map\src\main\java\mx\org\inegi\geo\map\service\impl\ShareMapServiceImpl.java
E:\Git p82\map\src\main\java\mx\org\inegi\geo\map\service\impl\ThemeServiceImpl.java
E:\Git p82\map\src\main\java\mx\org\inegi\geo\map\service\impl\TrackingServiceImpl.java
E:\Git p82\map\src\main\java\mx\org\inegi\geo\map\service\impl\WktServiceImpl.java
E:\Git p82\map\src\main\java\mx\org\inegi\geo\map\service\LayerStatsService.java
E:\Git p82\map\src\main\java\mx\org\inegi\geo\map\service\NameCvegeoService.java
E:\Git p82\map\src\main\java\mx\org\inegi\geo\map\service\PruebaService.java
E:\Git p82\map\src\main\java\mx\org\inegi\geo\map\service\RasterElevationService.java
E:\Git p82\map\src\main\java\mx\org\inegi\geo\map\service\ReverseGeocodingService.java
E:\Git p82\map\src\main\java\mx\org\inegi\geo\map\service\ScianService.java
E:\Git p82\map\src\main\java\mx\org\inegi\geo\map\service\SectorService.java
E:\Git p82\map\src\main\java\mx\org\inegi\geo\map\service\ShareMapService.java
E:\Git p82\map\src\main\java\mx\org\inegi\geo\map\service\ThemeService.java
E:\Git p82\map\src\main\java\mx\org\inegi\geo\map\service\TrackingService.java
E:\Git p82\map\src\main\java\mx\org\inegi\geo\map\service\WktService.java
E:\Git p82\map\src\main\java\mx\org\inegi\geo\map\sql\creator\EnergySqlCreator.java
E:\Git p82\map\src\main\java\mx\org\inegi\geo\map\sql\creator\GeometryByCvegeoSqlCreator.java
E:\Git p82\map\src\main\java\mx\org\inegi\geo\map\sql\creator\GeometryByPointSqlCreator.java
E:\Git p82\map\src\main\java\mx\org\inegi\geo\map\sql\creator\IdentifyRasterSqlCreator.java
E:\Git p82\map\src\main\java\mx\org\inegi\geo\map\sql\creator\IdentifySqlCreator.java
E:\Git p82\map\src\main\java\mx\org\inegi\geo\map\sql\creator\QuerySqlCreator.java
E:\Git p82\map\src\main\java\mx\org\inegi\geo\map\sql\creator\QueryTotalsCountSqlCreator.java
E:\Git p82\map\src\main\java\mx\org\inegi\geo\map\sql\creator\QueryTotalsReportSqlCreator.java
E:\Git p82\map\src\main\java\mx\org\inegi\geo\map\sql\creator\QueryTotalsSqlCreator.java
E:\Git p82\map\src\main\java\mx\org\inegi\geo\map\sql\creator\SqlCreator.java
E:\Git p82\map\src\main\java\mx\org\inegi\geo\map\sql\creator\StreetCrossingSqlCreator.java
E:\Git p82\map\src\main\java\mx\org\inegi\geo\map\sql\creator\TotalsSqlCreator.java
E:\Git p82\map\src\main\java\mx\org\inegi\geo\map\sql\creator\WktSqlCreator.java
E:\Git p82\map\src\main\java\mx\org\inegi\geo\map\sql\postgis\PostgisFunctions.java
E:\Git p82\map\src\main\java\mx\org\inegi\geo\map\sql\postgis\SRID.java
E:\Git p82\map\src\main\java\mx\org\inegi\geo\map\sql\util\BufferTable.java
E:\Git p82\map\src\main\java\mx\org\inegi\geo\map\sql\util\CustomSqlFunctions.java
E:\Git p82\map\src\main\java\mx\org\inegi\geo\map\sql\util\NumberValidation.java
E:\Git p82\map\src\main\java\mx\org\inegi\geo\map\sql\util\SQLElement.java
E:\Git p82\map\src\main\java\mx\org\inegi\geo\map\sql\util\SqlStringUtils.java
E:\Git p82\map\src\main\java\mx\org\inegi\geo\map\util\comparator\Comparators.java
E:\Git p82\map\src\main\java\mx\org\inegi\geo\map\utils\DenueUtils.java
E:\Git p82\map\src\main\java\mx\org\inegi\geo\map\utils\Pagination.java
E:\Git p82\map\src\main\java\mx\org\inegi\geo\map\utils\SensorTableUtil.java
E:\Git p82\map\src\main\java\mx\org\inegi\geo\map\utils\StreetCrossingParser.java
E:\Git p82\map\src\main\java\mx\org\inegi\geo\map\utils\TimeFrameUtil.java
E:\Git p82\map\src\main\java\mx\org\inegi\geo\map\web\controller\BufferController.java
E:\Git p82\map\src\main\java\mx\org\inegi\geo\map\web\controller\CensoLabelController.java
E:\Git p82\map\src\main\java\mx\org\inegi\geo\map\web\controller\DenueController.java
E:\Git p82\map\src\main\java\mx\org\inegi\geo\map\web\controller\DenueLabelsController.java
E:\Git p82\map\src\main\java\mx\org\inegi\geo\map\web\controller\ExportController.java
E:\Git p82\map\src\main\java\mx\org\inegi\geo\map\web\controller\ExportZipController.java
E:\Git p82\map\src\main\java\mx\org\inegi\geo\map\web\controller\FieldTypesController.java
E:\Git p82\map\src\main\java\mx\org\inegi\geo\map\web\controller\GeometryController.java
E:\Git p82\map\src\main\java\mx\org\inegi\geo\map\web\controller\IdentifyController.java
E:\Git p82\map\src\main\java\mx\org\inegi\geo\map\web\controller\LayerStatsController.java
E:\Git p82\map\src\main\java\mx\org\inegi\geo\map\web\controller\NameCvegeoController.java
E:\Git p82\map\src\main\java\mx\org\inegi\geo\map\web\controller\PruebaController.java
E:\Git p82\map\src\main\java\mx\org\inegi\geo\map\web\controller\QRController.java
E:\Git p82\map\src\main\java\mx\org\inegi\geo\map\web\controller\QueryController.java
E:\Git p82\map\src\main\java\mx\org\inegi\geo\map\web\controller\RasterElevationController.java
E:\Git p82\map\src\main\java\mx\org\inegi\geo\map\web\controller\ReloadData.java
E:\Git p82\map\src\main\java\mx\org\inegi\geo\map\web\controller\ReverseGeocodingController.java
E:\Git p82\map\src\main\java\mx\org\inegi\geo\map\web\controller\ScianController.java
E:\Git p82\map\src\main\java\mx\org\inegi\geo\map\web\controller\SectorController.java
E:\Git p82\map\src\main\java\mx\org\inegi\geo\map\web\controller\ShareMapController.java
E:\Git p82\map\src\main\java\mx\org\inegi\geo\map\web\controller\StreetController.java
E:\Git p82\map\src\main\java\mx\org\inegi\geo\map\web\controller\ThemeController.java
E:\Git p82\map\src\main\java\mx\org\inegi\geo\map\web\controller\TotalsController.java
E:\Git p82\map\src\main\java\mx\org\inegi\geo\map\web\controller\TotalsReportController.java
E:\Git p82\map\src\main\java\mx\org\inegi\geo\map\web\controller\TrackingController.java
E:\Git p82\map\src\main\java\mx\org\inegi\geo\map\web\controller\WktController.java
E:\Git p82\map\src\main\java\mx\org\inegi\geo\map\web\response\ResponseFactory.java
E:\Git p82\map\src\main\java\mx\org\inegi\geo\map\web\response\ResponseStatus.java
E:\Git p82\map\src\main\java\mx\org\inegi\geo\map\web\response\TableResponse.java
E:\Git p82\map\src\main\java\mx\org\inegi\geo\map\xml\access\AbstractXmlReader.java
E:\Git p82\map\src\main\java\mx\org\inegi\geo\map\xml\access\AliasDataConfigReader.java
E:\Git p82\map\src\main\java\mx\org\inegi\geo\map\xml\access\ServersXmlReader.java
E:\Git p82\map\src\main\java\mx\org\inegi\geo\map\xml\access\TablesXmlReader.java
E:\Git p82\map\src\main\java\mx\org\inegi\geo\map\xml\loader\ConfigOptions.java
E:\Git p82\map\src\main\java\mx\org\inegi\geo\map\xml\loader\DataLoader.java
E:\Git p82\map\src\main\java\mx\org\inegi\geo\map\xml\loader\ServerData.java
E:\Git p82\map\src\main\java\mx\org\inegi\geo\map\xml\loader\StopWords.java
E:\Git p82\map\src\main\java\mx\org\inegi\geo\map\xml\model\Document.java
E:\Git p82\map\src\main\java\mx\org\inegi\geo\map\xml\model\Field.java
E:\Git p82\map\src\main\java\mx\org\inegi\geo\map\xml\model\FieldFunction.java
E:\Git p82\map\src\main\java\mx\org\inegi\geo\map\xml\model\NameCvegeo.java
E:\Git p82\map\src\main\java\mx\org\inegi\geo\map\xml\model\Resolution.java
E:\Git p82\map\src\main\java\mx\org\inegi\geo\map\xml\model\SearchField.java
E:\Git p82\map\src\main\java\mx\org\inegi\geo\map\xml\model\SqlGenerator.java
E:\Git p82\map\src\main\java\mx\org\inegi\geo\map\xml\model\Table.java
E:\Git p82\map\src\main\java\mx\org\inegi\geo\map\xml\model\TableFields.java
E:\Git p82\map\src\main\java\mx\org\inegi\geo\map\xml\model\Tables.java
E:\Git p82\map\src\main\java\mx\org\inegi\geo\map\xml\model\Totals.java
E:\Git p82\map\src\main\aspect\mx\org\inegi\geo\map\aop\GzipCompression.aj
